<?xml version="1.0" encoding="UTF-8"?>
<!-- Generated by org.testng.reporters.JUnitReportReporter -->
<testsuite hostname="LAPTOP-GHAA96DN" failures="0" tests="2" name="Parallal.Chrome2" time="11.396" errors="0" timestamp="2021-07-11T15:36:51 IST" skipped="0">
  <testcase classname="Parallal.Chrome2" name="fblogin" time="6.516"/>
  <system-out/>
  <testcase classname="Parallal.Chrome2" name="fblogin" time="4.880"/>
  <system-out/>
</testsuite> <!-- Parallal.Chrome2 -->
