<?xml version="1.0" encoding="UTF-8"?>
<!-- Generated by org.testng.reporters.JUnitReportReporter -->
<testsuite hostname="LAPTOP-GHAA96DN" failures="0" tests="2" name="Parallal.Chrome1" time="11.013" errors="0" timestamp="2021-07-11T15:36:51 IST" skipped="0">
  <testcase classname="Parallal.Chrome1" name="fblogin" time="4.845"/>
  <system-out/>
  <testcase classname="Parallal.Chrome1" name="fblogin" time="6.168"/>
  <system-out/>
</testsuite> <!-- Parallal.Chrome1 -->
