<?xml version="1.0" encoding="UTF-8"?>
<!-- Generated by org.testng.reporters.JUnitReportReporter -->
<testsuite hostname="LAPTOP-GHAA96DN" failures="0" tests="6" name="Parallal.parallal" time="0.042" errors="0" timestamp="2021-07-11T14:58:41 IST" skipped="0">
  <testcase classname="Parallal.parallal" name="A" time="0.015"/>
  <system-out/>
  <testcase classname="Parallal.parallal" name="A" time="0.015"/>
  <system-out/>
  <testcase classname="Parallal.parallal" name="B" time="0.003"/>
  <system-out/>
  <testcase classname="Parallal.parallal" name="B" time="0.002"/>
  <system-out/>
  <testcase classname="Parallal.parallal" name="C" time="0.003"/>
  <system-out/>
  <testcase classname="Parallal.parallal" name="C" time="0.004"/>
  <system-out/>
</testsuite> <!-- Parallal.parallal -->
